<?xml version="1.0" encoding="UTF-8"?>
<!-- Generated by org.testng.reporters.JUnitXMLReporter -->
<testsuite ignored="0" hostname="DESKTOP-BEDA6MH" failures="0" tests="4" name="TestN" time="64.553" errors="0" timestamp="2023-09-05T19:18:56 EDT">
  <testcase classname="testLayer.LoginTest" name="Title" time="0.013"/>
  <testcase classname="testLayer.LoginTest" name="login" time="10.077"/>
  <testcase classname="testLayer.LoginTest" name="login" time="10.084"/>
  <testcase classname="testLayer.LoginTest" name="login" time="10.052"/>
</testsuite> <!-- TestN -->
