<?xml version="1.0" encoding="UTF-8"?>
<!-- Generated by org.testng.reporters.JUnitXMLReporter -->
<testsuite ignored="0" hostname="DESKTOP-BEDA6MH" failures="0" tests="4" name="Default test" time="64.354" errors="0" timestamp="2023-09-05T19:09:23 EDT">
  <testcase classname="testLayer.LoginTest" name="Title" time="0.015"/>
  <testcase classname="testLayer.LoginTest" name="login" time="10.087"/>
  <testcase classname="testLayer.LoginTest" name="login" time="10.079"/>
  <testcase classname="testLayer.LoginTest" name="login" time="10.099"/>
</testsuite> <!-- Default test -->
