<?xml version="1.0" encoding="UTF-8"?>
<testng-results ignored="0" total="4" passed="4" failed="0" skipped="0">
  <reporter-output>
  </reporter-output>
  <suite started-at="2023-09-05T19:17:51 EDT" name="OrangeHRM" finished-at="2023-09-05T19:18:56 EDT" duration-ms="64553">
    <groups>
    </groups>
    <test started-at="2023-09-05T19:17:51 EDT" name="TestN" finished-at="2023-09-05T19:18:56 EDT" duration-ms="64553">
      <class name="testLayer.LoginTest">
        <test-method is-config="true" signature="initsetup()[pri:0, instance:testLayer.LoginTest@7cc0cdad]" started-at="2023-09-05T19:17:51 EDT" name="initsetup" finished-at="2023-09-05T19:17:59 EDT" duration-ms="8141" status="PASS">
          <reporter-output>
          </reporter-output>
        </test-method> <!-- initsetup -->
        <test-method signature="Title()[pri:1, instance:testLayer.LoginTest@7cc0cdad]" started-at="2023-09-05T19:17:59 EDT" name="Title" finished-at="2023-09-05T19:18:00 EDT" duration-ms="13" status="PASS">
          <reporter-output>
          </reporter-output>
        </test-method> <!-- Title -->
        <test-method is-config="true" signature="close()[pri:0, instance:testLayer.LoginTest@7cc0cdad]" started-at="2023-09-05T19:18:00 EDT" name="close" finished-at="2023-09-05T19:18:00 EDT" duration-ms="991" status="PASS">
          <reporter-output>
          </reporter-output>
        </test-method> <!-- close -->
        <test-method is-config="true" signature="initsetup()[pri:0, instance:testLayer.LoginTest@7cc0cdad]" started-at="2023-09-05T19:18:01 EDT" name="initsetup" finished-at="2023-09-05T19:18:09 EDT" duration-ms="7355" status="PASS">
          <reporter-output>
          </reporter-output>
        </test-method> <!-- initsetup -->
        <test-method signature="login(java.lang.String,java.lang.String)[pri:2, instance:testLayer.LoginTest@7cc0cdad]" started-at="2023-09-05T19:18:09 EDT" name="login" data-provider="Details" finished-at="2023-09-05T19:18:19 EDT" duration-ms="10077" status="PASS">
          <params>
            <param index="0">
              <value>
                <![CDATA[Admin]]>
              </value>
            </param>
            <param index="1">
              <value>
                <![CDATA[admin123]]>
              </value>
            </param>
          </params>
          <reporter-output>
          </reporter-output>
        </test-method> <!-- login -->
        <test-method is-config="true" signature="close()[pri:0, instance:testLayer.LoginTest@7cc0cdad]" started-at="2023-09-05T19:18:19 EDT" name="close" finished-at="2023-09-05T19:18:20 EDT" duration-ms="802" status="PASS">
          <reporter-output>
          </reporter-output>
        </test-method> <!-- close -->
        <test-method is-config="true" signature="initsetup()[pri:0, instance:testLayer.LoginTest@7cc0cdad]" started-at="2023-09-05T19:18:20 EDT" name="initsetup" finished-at="2023-09-05T19:18:27 EDT" duration-ms="7223" status="PASS">
          <reporter-output>
          </reporter-output>
        </test-method> <!-- initsetup -->
        <test-method signature="login(java.lang.String,java.lang.String)[pri:2, instance:testLayer.LoginTest@7cc0cdad]" started-at="2023-09-05T19:18:27 EDT" name="login" data-provider="Details" finished-at="2023-09-05T19:18:37 EDT" duration-ms="10084" status="PASS">
          <params>
            <param index="0">
              <value>
                <![CDATA[Admin]]>
              </value>
            </param>
            <param index="1">
              <value>
                <![CDATA[abcd]]>
              </value>
            </param>
          </params>
          <reporter-output>
          </reporter-output>
        </test-method> <!-- login -->
        <test-method is-config="true" signature="close()[pri:0, instance:testLayer.LoginTest@7cc0cdad]" started-at="2023-09-05T19:18:37 EDT" name="close" finished-at="2023-09-05T19:18:38 EDT" duration-ms="834" status="PASS">
          <reporter-output>
          </reporter-output>
        </test-method> <!-- close -->
        <test-method is-config="true" signature="initsetup()[pri:0, instance:testLayer.LoginTest@7cc0cdad]" started-at="2023-09-05T19:18:38 EDT" name="initsetup" finished-at="2023-09-05T19:18:45 EDT" duration-ms="7270" status="PASS">
          <reporter-output>
          </reporter-output>
        </test-method> <!-- initsetup -->
        <test-method signature="login(java.lang.String,java.lang.String)[pri:2, instance:testLayer.LoginTest@7cc0cdad]" started-at="2023-09-05T19:18:45 EDT" name="login" data-provider="Details" finished-at="2023-09-05T19:18:55 EDT" duration-ms="10052" status="PASS">
          <params>
            <param index="0">
              <value>
                <![CDATA[Scott]]>
              </value>
            </param>
            <param index="1">
              <value>
                <![CDATA[xyz]]>
              </value>
            </param>
          </params>
          <reporter-output>
          </reporter-output>
        </test-method> <!-- login -->
        <test-method is-config="true" signature="close()[pri:0, instance:testLayer.LoginTest@7cc0cdad]" started-at="2023-09-05T19:18:55 EDT" name="close" finished-at="2023-09-05T19:18:56 EDT" duration-ms="876" status="PASS">
          <reporter-output>
          </reporter-output>
        </test-method> <!-- close -->
      </class> <!-- testLayer.LoginTest -->
    </test> <!-- TestN -->
  </suite> <!-- OrangeHRM -->
</testng-results>
